<?xml version="1.0" encoding="UTF-8"?>
<testng-results ignored="0" total="1" passed="1" failed="0" skipped="0">
  <reporter-output>
  </reporter-output>
  <suite started-at="2023-03-14T16:34:21 IST" name="Default suite" finished-at="2023-03-14T16:35:11 IST" duration-ms="50250">
    <groups>
    </groups>
    <test started-at="2023-03-14T16:34:21 IST" name="Default test" finished-at="2023-03-14T16:35:11 IST" duration-ms="50250">
      <class name="ChromeBrowser.lounchBrowser">
        <test-method is-config="true" signature="start()[pri:0, instance:ChromeBrowser.lounchBrowser@68999068]" started-at="2023-03-14T16:34:21 IST" name="start" finished-at="2023-03-14T16:34:39 IST" duration-ms="18250" status="PASS">
          <reporter-output>
          </reporter-output>
        </test-method> <!-- start -->
        <test-method signature="loch()[pri:0, instance:ChromeBrowser.lounchBrowser@68999068]" started-at="2023-03-14T16:34:39 IST" name="loch" finished-at="2023-03-14T16:35:11 IST" duration-ms="31843" status="PASS">
          <reporter-output>
          </reporter-output>
        </test-method> <!-- loch -->
        <test-method is-config="true" signature="stopServer()[pri:0, instance:ChromeBrowser.lounchBrowser@68999068]" started-at="2023-03-14T16:35:11 IST" name="stopServer" finished-at="2023-03-14T16:35:11 IST" duration-ms="60" status="PASS">
          <reporter-output>
          </reporter-output>
        </test-method> <!-- stopServer -->
      </class> <!-- ChromeBrowser.lounchBrowser -->
    </test> <!-- Default test -->
  </suite> <!-- Default suite -->
</testng-results>
